<?xml version="1.0" encoding="UTF-8"?>
<!-- Generated by org.testng.reporters.JUnitReportReporter -->
<testsuite hostname="RAYAN" failures="0" tests="1" name="com.dell.Automation3.class1" time="19.621" errors="0" timestamp="2023-08-27T20:04:43 EDT" skipped="0">
  <testcase classname="com.dell.Automation3.class1" name="happy" time="19.621"/>
</testsuite> <!-- com.dell.Automation3.class1 -->
